facebook.com
youtube.com
yahoo.com
live.com
wikipedia.org
msn.com
baidu.com
blogspot.com
microsoft.com
hotmail.com
ifeng.com
qq.com
360.cn
amazon.com
wordpress.com
goo.ne.jp
taobao.com
craigslist.org
tudou.com
paipai.com
alipay.com
bing.com
yahoo.co.jp
weather.com
softonic.com
bbc.co.uk
sina.com.cn
sohu.com
soku.com
alibaba.com
yandex.ru
soso.com
apple.com
megaupload.com
renren.com
myspace.com
163.com
hao123.com
livedoor.jp
nifty.com
mail.ru
ask.com
windows.com
blogger.com
imageshack.us
cnet.com
adobe.com
ebay.com
vkontakte.ru
cnn.com
go.com
twitter.com
pps.tv
answers.com
tianya.cn
4399.com
mozilla.com
xunlei.com
rapidshare.com
mywebsearch.com
orkut.com
youku.com
56.com
daum.net
zynga.com
skype.com
sdjjdsaf.com
fc2.com
7k7k.com
partypoker.com
ameblo.jp
andysayler.com
paypal.com
2345.com
hp.com
naver.com
wmfo.org
sogou.com
photobucket.com
walmart.com
flickr.com
facebook.com
tmall.com
mediafire.com
kugou.com
4shared.com
youtube.com
ku6.com
ehow.com
ebay.de
amazon.co.jp
yahoo.com
rakuten.co.jp
seesaa.net
youdao.com
linkedin.com
live.com
about.com
facebook.com
hotfile.com
dailymotion.com
wikipedia.org
orkut.com.br
youtube.com
qiyi.com
imdb.com
msn.com
amazon.com
yahoo.com
pconline.com.cn
aol.com
baidu.com
wordpress.com
live.com
odnoklassniki.ru
ifeng.com
blogspot.com
tudou.com
wikipedia.org
jp.msn.com
goo.ne.jp
microsoft.com
yahoo.co.jp
msn.com
hotmail.com
bbc.co.uk
qq.com
sohu.com
baidu.com
360.cn
yandex.ru
taobao.com
apple.com
blogspot.com
craigslist.org
myspace.com
bing.com
hao123.com
microsoft.com
weather.com
mail.ru
sina.com.cn
windows.com
qq.com
soku.com
cnet.com
soso.com
ebay.com
taobao.com
alibaba.com
go.com
163.com
pps.tv
bing.com
megaupload.com
4399.com
ask.com
xunlei.com
sina.com.cn
orkut.com
skype.com
adobe.com
56.com
soso.com
ameblo.jp
renren.com
twitter.com
fc2.com
163.com
naver.com
livedoor.jp
mozilla.com
paypal.com
ask.com
flickr.com
blogger.com
youku.com
adobe.com
twitter.com
4shared.com
vkontakte.ru
sdjjdsaf.com
mozilla.com
sogou.com
amazon.co.jp
answers.com
andysayler.com
youku.com
tmall.com
linkedin.com
rapidshare.com
wmfo.org
sdjjdsaf.com
ku6.com
dailymotion.com
daum.net
paipai.com
andysayler.com
rakuten.co.jp
imdb.com
7k7k.com
alipay.com
wmfo.org
about.com
aol.com
2345.com
softonic.com
amazon.com
orkut.com.br
facebook.com
photobucket.com
nifty.com
wordpress.com
amazon.com
mediafire.com
ehow.com
imageshack.us
tudou.com
wordpress.com
seesaa.net
cnn.com
yahoo.co.jp
youtube.com
tudou.com
ifeng.com
tianya.cn
sohu.com
yahoo.com
yahoo.co.jp
goo.ne.jp
mywebsearch.com
apple.com
live.com
sohu.com
bbc.co.uk
zynga.com
hao123.com
wikipedia.org
apple.com
yandex.ru
partypoker.com
windows.com
msn.com
hao123.com
myspace.com
hp.com
ebay.com
baidu.com
windows.com
mail.ru
walmart.com
pps.tv
blogspot.com
ebay.com
cnet.com
kugou.com
xunlei.com
microsoft.com
pps.tv
go.com
ebay.de
56.com
qq.com
xunlei.com
4399.com
youdao.com
fc2.com
taobao.com
56.com
orkut.com
hotfile.com
paypal.com
bing.com
fc2.com
skype.com
qiyi.com
sogou.com
sina.com.cn
paypal.com
ameblo.jp
pconline.com.cn
tmall.com
soso.com
sogou.com
naver.com
odnoklassniki.ru
ku6.com
163.com
tmall.com
flickr.com
jp.msn.com
rakuten.co.jp
ask.com
ku6.com
4shared.com
hotmail.com
about.com
adobe.com
rakuten.co.jp
amazon.co.jp
360.cn
about.com
twitter.com
orkut.com.br
linkedin.com
craigslist.org
orkut.com.br
mozilla.com
paipai.com
dailymotion.com
weather.com
ifeng.com
youku.com
alipay.com
imdb.com
soku.com
goo.ne.jp
sdjjdsaf.com
softonic.com
aol.com
alibaba.com
megaupload.com
andysayler.com
nifty.com
facebook.com
renren.com
bbc.co.uk
wmfo.org
imageshack.us
youtube.com
livedoor.jp
yandex.ru
amazon.com
cnn.com
yahoo.com
blogger.com
myspace.com
wordpress.com
tianya.cn
live.com
vkontakte.ru
mail.ru
tudou.com
mywebsearch.com
wikipedia.org
answers.com
cnet.com
yahoo.co.jp
zynga.com
msn.com
rapidshare.com
go.com
sohu.com
partypoker.com
baidu.com
daum.net
4399.com
apple.com
hp.com
blogspot.com
7k7k.com
orkut.com
hao123.com
walmart.com
microsoft.com
2345.com
skype.com
windows.com
kugou.com
qq.com
photobucket.com
ameblo.jp
ebay.com
ebay.de
taobao.com
mediafire.com
naver.com
pps.tv
youdao.com
bing.com
ehow.com
flickr.com
xunlei.com
hotfile.com
sina.com.cn
seesaa.net
4shared.com
56.com
qiyi.com
soso.com
ifeng.com
amazon.co.jp
fc2.com
pconline.com.cn
163.com
goo.ne.jp
linkedin.com
paypal.com
odnoklassniki.ru
ask.com
bbc.co.uk
dailymotion.com
sogou.com
jp.msn.com
adobe.com
yandex.ru
imdb.com
tmall.com
hotmail.com
twitter.com
myspace.com
aol.com
ku6.com
360.cn
mozilla.com
mail.ru
paipai.com
rakuten.co.jp
craigslist.org
youku.com
cnet.com
alipay.com
about.com
weather.com
sdjjdsaf.com
go.com
softonic.com
orkut.com.br
soku.com
andysayler.com
4399.com
nifty.com
hotmail.com
alibaba.com
wmfo.org
orkut.com
imageshack.us
360.cn
megaupload.com
facebook.com
skype.com
cnn.com
craigslist.org
renren.com
youtube.com
ameblo.jp
tianya.cn
weather.com
livedoor.jp
yahoo.com
naver.com
mywebsearch.com
soku.com
blogger.com
live.com
flickr.com
zynga.com
alibaba.com
vkontakte.ru
wikipedia.org
4shared.com
partypoker.com
megaupload.com
answers.com
msn.com
amazon.co.jp
hp.com
renren.com
rapidshare.com
baidu.com
linkedin.com
walmart.com
livedoor.jp
daum.net
blogspot.com
dailymotion.com
kugou.com
blogger.com
7k7k.com
microsoft.com
imdb.com
ebay.de
vkontakte.ru
2345.com
qq.com
aol.com
youdao.com
answers.com
photobucket.com
taobao.com
amazon.com
hotfile.com
rapidshare.com
mediafire.com
bing.com
wordpress.com
qiyi.com
daum.net
ehow.com
sina.com.cn
tudou.com
pconline.com.cn
7k7k.com
seesaa.net
soso.com
yahoo.co.jp
odnoklassniki.ru
2345.com
ifeng.com
163.com
sohu.com
jp.msn.com
photobucket.com
goo.ne.jp
ask.com
apple.com
hotmail.com
mediafire.com
bbc.co.uk
adobe.com
hao123.com
360.cn
ehow.com
yandex.ru
twitter.com
windows.com
craigslist.org
seesaa.net
myspace.com
mozilla.com
ebay.com
weather.com
paipai.com
mail.ru
youku.com
pps.tv
soku.com
alipay.com
cnet.com
sdjjdsaf.com
xunlei.com
alibaba.com
softonic.com
go.com
andysayler.com
56.com
megaupload.com
nifty.com
4399.com
wmfo.org
fc2.com
renren.com
imageshack.us
orkut.com
paipai.com
paypal.com
livedoor.jp
cnn.com
skype.com
alipay.com
sogou.com
blogger.com
tianya.cn
ameblo.jp
softonic.com
nifty.com
mywebsearch.com
zynga.com
partypoker.com
imageshack.us
tmall.com
hp.com
walmart.com
vkontakte.ru
cnn.com
ku6.com
kugou.com
naver.com
answers.com
tianya.cn
rakuten.co.jp
ebay.de
flickr.com
mywebsearch.com
zynga.com
about.com
youdao.com
4shared.com
partypoker.com
rapidshare.com
orkut.com.br
hotfile.com
amazon.co.jp
hp.com
daum.net
7k7k.com
linkedin.com
walmart.com
qiyi.com
pconline.com.cn
dailymotion.com
kugou.com
odnoklassniki.ru
2345.com
imdb.com
ebay.de
jp.msn.com
aol.com
photobucket.com
youdao.com
mediafire.com
hotfile.com
qiyi.com
pconline.com.cn
odnoklassniki.ru
jp.msn.com
ehow.com
seesaa.net
